<?xml version="1.0" encoding="UTF-8"?>
<testsuite xmlns:xsi="http://www.w3.org/2001/XMLSchema-instance" xsi:noNamespaceSchemaLocation="https://maven.apache.org/surefire/maven-surefire-plugin/xsd/surefire-test-report.xsd" name="tests.CourierLoginTest" time="15.136" tests="5" errors="0" skipped="0" failures="0">
  <properties>
[...]
</properties>
  <testcase name="courierCanLogin" classname="tests.CourierLoginTest" time="5.386"/>
  <testcase name="courierCannotLoginWithWrongPassword" classname="tests.CourierLoginTest" time="2.374"/>
  <testcase name="courierCannotLoginWithWrongLogin" classname="tests.CourierLoginTest" time="2.743"/>
  <testcase name="courierCannotLoginWithoutPassword" classname="tests.CourierLoginTest" time="2.48"/>
  <testcase name="courierCannotLoginWithoutLogin" classname="tests.CourierLoginTest" time="2.086"/>
</testsuite>